<?xml version="1.0" encoding="UTF-8"?>
<testng-results skipped="0" failed="0" ignored="0" total="1" passed="1">
  <reporter-output>
  </reporter-output>
  <suite name="SuiteSearch" duration-ms="90385" started-at="2020-09-24T15:23:58 COT" finished-at="2020-09-24T15:25:28 COT">
    <groups>
    </groups>
    <test name="Test" duration-ms="90385" started-at="2020-09-24T15:23:58 COT" finished-at="2020-09-24T15:25:28 COT">
      <class name="uiTests.SearchProductTest">
        <test-method status="PASS" signature="beforeClass()[pri:0, instance:uiTests.SearchProductTest@3d299e3]" name="beforeClass" is-config="true" duration-ms="17561" started-at="2020-09-24T15:23:58 COT" finished-at="2020-09-24T15:24:16 COT">
          <reporter-output>
          </reporter-output>
        </test-method> <!-- beforeClass -->
        <test-method status="PASS" signature="setEnglish()[pri:0, instance:uiTests.SearchProductTest@3d299e3]" name="setEnglish" is-config="true" duration-ms="14950" started-at="2020-09-24T15:24:16 COT" finished-at="2020-09-24T15:24:31 COT">
          <reporter-output>
          </reporter-output>
        </test-method> <!-- setEnglish -->
        <test-method status="PASS" signature="searchingProduct()[pri:0, instance:uiTests.SearchProductTest@3d299e3]" name="searchingProduct" duration-ms="54374" started-at="2020-09-24T15:24:31 COT" finished-at="2020-09-24T15:25:25 COT">
          <reporter-output>
          </reporter-output>
        </test-method> <!-- searchingProduct -->
        <test-method status="PASS" signature="afterMethod()[pri:0, instance:uiTests.SearchProductTest@3d299e3]" name="afterMethod" is-config="true" duration-ms="2" started-at="2020-09-24T15:25:25 COT" finished-at="2020-09-24T15:25:25 COT">
          <reporter-output>
          </reporter-output>
        </test-method> <!-- afterMethod -->
        <test-method status="PASS" signature="afterClass()[pri:0, instance:uiTests.SearchProductTest@3d299e3]" name="afterClass" is-config="true" duration-ms="3029" started-at="2020-09-24T15:25:25 COT" finished-at="2020-09-24T15:25:28 COT">
          <reporter-output>
          </reporter-output>
        </test-method> <!-- afterClass -->
      </class> <!-- uiTests.SearchProductTest -->
    </test> <!-- Test -->
  </suite> <!-- SuiteSearch -->
</testng-results>
